{"$message_type":"diagnostic","message":"the trait `std::hash::Hash` cannot be made into an object","code":{"code":"E0038","explanation":"For any given trait `Trait` there may be a related _type_ called the _trait\nobject type_ which is typically written as `dyn Trait`. In earlier editions of\nRust, trait object types were written as plain `Trait` (just the name of the\ntrait, written in type positions) but this was a bit too confusing, so we now\nwrite `dyn Trait`.\n\nSome traits are not allowed to be used as trait object types. The traits that\nare allowed to be used as trait object types are called \"object-safe\" traits.\nAttempting to use a trait object type for a trait that is not object-safe will\ntrigger error E0038.\n\nTwo general aspects of trait object types give rise to the restrictions:\n\n  1. Trait object types are dynamically sized types (DSTs), and trait objects of\n     these types can only be accessed through pointers, such as `&dyn Trait` or\n     `Box<dyn Trait>`. The size of such a pointer is known, but the size of the\n     `dyn Trait` object pointed-to by the pointer is _opaque_ to code working\n     with it, and different trait objects with the same trait object type may\n     have different sizes.\n\n  2. The pointer used to access a trait object is paired with an extra pointer\n     to a \"virtual method table\" or \"vtable\", which is used to implement dynamic\n     dispatch to the object's implementations of the trait's methods. There is a\n     single such vtable for each trait implementation, but different trait\n     objects with the same trait object type may point to vtables from different\n     implementations.\n\nThe specific conditions that violate object-safety follow, most of which relate\nto missing size information and vtable polymorphism arising from these aspects.\n\n### The trait requires `Self: Sized`\n\nTraits that are declared as `Trait: Sized` or which otherwise inherit a\nconstraint of `Self:Sized` are not object-safe.\n\nThe reasoning behind this is somewhat subtle. It derives from the fact that Rust\nrequires (and defines) that every trait object type `dyn Trait` automatically\nimplements `Trait`. Rust does this to simplify error reporting and ease\ninteroperation between static and dynamic polymorphism. For example, this code\nworks:\n\n```\ntrait Trait {\n}\n\nfn static_foo<T:Trait + ?Sized>(b: &T) {\n}\n\nfn dynamic_bar(a: &dyn Trait) {\n    static_foo(a)\n}\n```\n\nThis code works because `dyn Trait`, if it exists, always implements `Trait`.\n\nHowever as we know, any `dyn Trait` is also unsized, and so it can never\nimplement a sized trait like `Trait:Sized`. So, rather than allow an exception\nto the rule that `dyn Trait` always implements `Trait`, Rust chooses to prohibit\nsuch a `dyn Trait` from existing at all.\n\nOnly unsized traits are considered object-safe.\n\nGenerally, `Self: Sized` is used to indicate that the trait should not be used\nas a trait object. If the trait comes from your own crate, consider removing\nthis restriction.\n\n### Method references the `Self` type in its parameters or return type\n\nThis happens when a trait has a method like the following:\n\n```\ntrait Trait {\n    fn foo(&self) -> Self;\n}\n\nimpl Trait for String {\n    fn foo(&self) -> Self {\n        \"hi\".to_owned()\n    }\n}\n\nimpl Trait for u8 {\n    fn foo(&self) -> Self {\n        1\n    }\n}\n```\n\n(Note that `&self` and `&mut self` are okay, it's additional `Self` types which\ncause this problem.)\n\nIn such a case, the compiler cannot predict the return type of `foo()` in a\nsituation like the following:\n\n```compile_fail,E0038\ntrait Trait {\n    fn foo(&self) -> Self;\n}\n\nfn call_foo(x: Box<dyn Trait>) {\n    let y = x.foo(); // What type is y?\n    // ...\n}\n```\n\nIf only some methods aren't object-safe, you can add a `where Self: Sized` bound\non them to mark them as explicitly unavailable to trait objects. The\nfunctionality will still be available to all other implementers, including\n`Box<dyn Trait>` which is itself sized (assuming you `impl Trait for Box<dyn\nTrait>`).\n\n```\ntrait Trait {\n    fn foo(&self) -> Self where Self: Sized;\n    // more functions\n}\n```\n\nNow, `foo()` can no longer be called on a trait object, but you will now be\nallowed to make a trait object, and that will be able to call any object-safe\nmethods. With such a bound, one can still call `foo()` on types implementing\nthat trait that aren't behind trait objects.\n\n### Method has generic type parameters\n\nAs mentioned before, trait objects contain pointers to method tables. So, if we\nhave:\n\n```\ntrait Trait {\n    fn foo(&self);\n}\n\nimpl Trait for String {\n    fn foo(&self) {\n        // implementation 1\n    }\n}\n\nimpl Trait for u8 {\n    fn foo(&self) {\n        // implementation 2\n    }\n}\n// ...\n```\n\nAt compile time each implementation of `Trait` will produce a table containing\nthe various methods (and other items) related to the implementation, which will\nbe used as the virtual method table for a `dyn Trait` object derived from that\nimplementation.\n\nThis works fine, but when the method gains generic parameters, we can have a\nproblem.\n\nUsually, generic parameters get _monomorphized_. For example, if I have\n\n```\nfn foo<T>(x: T) {\n    // ...\n}\n```\n\nThe machine code for `foo::<u8>()`, `foo::<bool>()`, `foo::<String>()`, or any\nother instantiation is different. Hence the compiler generates the\nimplementation on-demand. If you call `foo()` with a `bool` parameter, the\ncompiler will only generate code for `foo::<bool>()`. When we have additional\ntype parameters, the number of monomorphized implementations the compiler\ngenerates does not grow drastically, since the compiler will only generate an\nimplementation if the function is called with fully concrete arguments\n(i.e., arguments which do not contain any generic parameters).\n\nHowever, with trait objects we have to make a table containing _every_ object\nthat implements the trait. Now, if it has type parameters, we need to add\nimplementations for every type that implements the trait, and there could\ntheoretically be an infinite number of types.\n\nFor example, with:\n\n```\ntrait Trait {\n    fn foo<T>(&self, on: T);\n    // more methods\n}\n\nimpl Trait for String {\n    fn foo<T>(&self, on: T) {\n        // implementation 1\n    }\n}\n\nimpl Trait for u8 {\n    fn foo<T>(&self, on: T) {\n        // implementation 2\n    }\n}\n\n// 8 more implementations\n```\n\nNow, if we have the following code:\n\n```compile_fail,E0038\n# trait Trait { fn foo<T>(&self, on: T); }\n# impl Trait for String { fn foo<T>(&self, on: T) {} }\n# impl Trait for u8 { fn foo<T>(&self, on: T) {} }\n# impl Trait for bool { fn foo<T>(&self, on: T) {} }\n# // etc.\nfn call_foo(thing: Box<dyn Trait>) {\n    thing.foo(true); // this could be any one of the 8 types above\n    thing.foo(1);\n    thing.foo(\"hello\");\n}\n```\n\nWe don't just need to create a table of all implementations of all methods of\n`Trait`, we need to create such a table, for each different type fed to\n`foo()`. In this case this turns out to be (10 types implementing `Trait`)\\*(3\ntypes being fed to `foo()`) = 30 implementations!\n\nWith real world traits these numbers can grow drastically.\n\nTo fix this, it is suggested to use a `where Self: Sized` bound similar to the\nfix for the sub-error above if you do not intend to call the method with type\nparameters:\n\n```\ntrait Trait {\n    fn foo<T>(&self, on: T) where Self: Sized;\n    // more methods\n}\n```\n\nIf this is not an option, consider replacing the type parameter with another\ntrait object (e.g., if `T: OtherTrait`, use `on: Box<dyn OtherTrait>`). If the\nnumber of types you intend to feed to this method is limited, consider manually\nlisting out the methods of different types.\n\n### Method has no receiver\n\nMethods that do not take a `self` parameter can't be called since there won't be\na way to get a pointer to the method table for them.\n\n```\ntrait Foo {\n    fn foo() -> u8;\n}\n```\n\nThis could be called as `<Foo as Foo>::foo()`, which would not be able to pick\nan implementation.\n\nAdding a `Self: Sized` bound to these methods will generally make this compile.\n\n```\ntrait Foo {\n    fn foo() -> u8 where Self: Sized;\n}\n```\n\n### Trait contains associated constants\n\nJust like static functions, associated constants aren't stored on the method\ntable. If the trait or any subtrait contain an associated constant, they cannot\nbe made into an object.\n\n```compile_fail,E0038\ntrait Foo {\n    const X: i32;\n}\n\nimpl Foo {}\n```\n\nA simple workaround is to use a helper method instead:\n\n```\ntrait Foo {\n    fn x(&self) -> i32;\n}\n```\n\n### Trait uses `Self` as a type parameter in the supertrait listing\n\nThis is similar to the second sub-error, but subtler. It happens in situations\nlike the following:\n\n```compile_fail,E0038\ntrait Super<A: ?Sized> {}\n\ntrait Trait: Super<Self> {\n}\n\nstruct Foo;\n\nimpl Super<Foo> for Foo{}\n\nimpl Trait for Foo {}\n\nfn main() {\n    let x: Box<dyn Trait>;\n}\n```\n\nHere, the supertrait might have methods as follows:\n\n```\ntrait Super<A: ?Sized> {\n    fn get_a(&self) -> &A; // note that this is object safe!\n}\n```\n\nIf the trait `Trait` was deriving from something like `Super<String>` or\n`Super<T>` (where `Foo` itself is `Foo<T>`), this is okay, because given a type\n`get_a()` will definitely return an object of that type.\n\nHowever, if it derives from `Super<Self>`, even though `Super` is object safe,\nthe method `get_a()` would return an object of unknown type when called on the\nfunction. `Self` type parameters let us make object safe traits no longer safe,\nso they are forbidden when specifying supertraits.\n\nThere's no easy fix for this. Generally, code will need to be refactored so that\nyou no longer need to derive from `Super<Self>`.\n"},"level":"error","spans":[{"file_name":"flip-coin/src/lib.rs","byte_start":10249,"byte_end":10253,"line_start":363,"line_end":363,"column_start":38,"column_end":42,"is_primary":true,"text":[{"text":"            pub current_transaction: Hash,","highlight_start":38,"highlight_end":42}],"label":"`std::hash::Hash` cannot be made into an object","suggested_replacement":null,"suggestion_applicability":null,"expansion":null}],"children":[{"message":"for a trait to be \"object safe\" it needs to allow building a vtable to allow the call to be resolvable dynamically; for more information visit <https://doc.rust-lang.org/reference/items/traits.html#object-safety>","code":null,"level":"note","spans":[{"file_name":"/home/gt63382/.rustup/toolchains/stable-x86_64-unknown-linux-gnu/lib/rustlib/src/rust/library/core/src/hash/mod.rs","byte_start":5808,"byte_end":5812,"line_start":202,"line_end":202,"column_start":8,"column_end":12,"is_primary":true,"text":[{"text":"    fn hash<H: Hasher>(&self, state: &mut H);","highlight_start":8,"highlight_end":12}],"label":"the trait cannot be made into an object because method `hash` has generic type parameters","suggested_replacement":null,"suggestion_applicability":null,"expansion":null}],"children":[],"rendered":null}],"rendered":"\u001b[0m\u001b[1m\u001b[38;5;9merror[E0038]\u001b[0m\u001b[0m\u001b[1m: the trait `std::hash::Hash` cannot be made into an object\u001b[0m\n\u001b[0m   \u001b[0m\u001b[0m\u001b[1m\u001b[38;5;12m--> \u001b[0m\u001b[0mflip-coin/src/lib.rs:363:38\u001b[0m\n\u001b[0m    \u001b[0m\u001b[0m\u001b[1m\u001b[38;5;12m|\u001b[0m\n\u001b[0m\u001b[1m\u001b[38;5;12m363\u001b[0m\u001b[0m \u001b[0m\u001b[0m\u001b[1m\u001b[38;5;12m|\u001b[0m\u001b[0m \u001b[0m\u001b[0m            pub current_transaction: Hash,\u001b[0m\n\u001b[0m    \u001b[0m\u001b[0m\u001b[1m\u001b[38;5;12m| \u001b[0m\u001b[0m                                     \u001b[0m\u001b[0m\u001b[1m\u001b[38;5;9m^^^^\u001b[0m\u001b[0m \u001b[0m\u001b[0m\u001b[1m\u001b[38;5;9m`std::hash::Hash` cannot be made into an object\u001b[0m\n\u001b[0m    \u001b[0m\u001b[0m\u001b[1m\u001b[38;5;12m|\u001b[0m\n\u001b[0m\u001b[1m\u001b[38;5;10mnote\u001b[0m\u001b[0m: for a trait to be \"object safe\" it needs to allow building a vtable to allow the call to be resolvable dynamically; for more information visit <https://doc.rust-lang.org/reference/items/traits.html#object-safety>\u001b[0m\n\u001b[0m   \u001b[0m\u001b[0m\u001b[1m\u001b[38;5;12m--> \u001b[0m\u001b[0m/home/gt63382/.rustup/toolchains/stable-x86_64-unknown-linux-gnu/lib/rustlib/src/rust/library/core/src/hash/mod.rs:202:8\u001b[0m\n\u001b[0m    \u001b[0m\u001b[0m\u001b[1m\u001b[38;5;12m|\u001b[0m\n\u001b[0m\u001b[1m\u001b[38;5;12m202\u001b[0m\u001b[0m \u001b[0m\u001b[0m\u001b[1m\u001b[38;5;12m|\u001b[0m\u001b[0m \u001b[0m\u001b[0m    fn hash<H: Hasher>(&self, state: &mut H);\u001b[0m\n\u001b[0m    \u001b[0m\u001b[0m\u001b[1m\u001b[38;5;12m| \u001b[0m\u001b[0m       \u001b[0m\u001b[0m\u001b[1m\u001b[38;5;10m^^^^\u001b[0m\u001b[0m \u001b[0m\u001b[0m\u001b[1m\u001b[38;5;10mthe trait cannot be made into an object because method `hash` has generic type parameters\u001b[0m\n\n"}
{"$message_type":"diagnostic","message":"mismatched types","code":{"code":"E0308","explanation":"Expected type did not match the received type.\n\nErroneous code examples:\n\n```compile_fail,E0308\nfn plus_one(x: i32) -> i32 {\n    x + 1\n}\n\nplus_one(\"Not a number\");\n//       ^^^^^^^^^^^^^^ expected `i32`, found `&str`\n\nif \"Not a bool\" {\n// ^^^^^^^^^^^^ expected `bool`, found `&str`\n}\n\nlet x: f32 = \"Not a float\";\n//     ---   ^^^^^^^^^^^^^ expected `f32`, found `&str`\n//     |\n//     expected due to this\n```\n\nThis error occurs when an expression was used in a place where the compiler\nexpected an expression of a different type. It can occur in several cases, the\nmost common being when calling a function and passing an argument which has a\ndifferent type than the matching type in the function declaration.\n"},"level":"error","spans":[{"file_name":"flip-coin/src/lib.rs","byte_start":10004,"byte_end":10019,"line_start":357,"line_end":357,"column_start":48,"column_end":63,"is_primary":true,"text":[{"text":"    fn create_test_context(sender: Address) -> ContractContext {","highlight_start":48,"highlight_end":63}],"label":"expected `ContractContext`, found `()`","suggested_replacement":null,"suggestion_applicability":null,"expansion":null},{"file_name":"flip-coin/src/lib.rs","byte_start":9964,"byte_end":9983,"line_start":357,"line_end":357,"column_start":8,"column_end":27,"is_primary":false,"text":[{"text":"    fn create_test_context(sender: Address) -> ContractContext {","highlight_start":8,"highlight_end":27}],"label":"implicitly returns `()` as its body has no tail or `return` expression","suggested_replacement":null,"suggestion_applicability":null,"expansion":null}],"children":[],"rendered":"\u001b[0m\u001b[1m\u001b[38;5;9merror[E0308]\u001b[0m\u001b[0m\u001b[1m: mismatched types\u001b[0m\n\u001b[0m   \u001b[0m\u001b[0m\u001b[1m\u001b[38;5;12m--> \u001b[0m\u001b[0mflip-coin/src/lib.rs:357:48\u001b[0m\n\u001b[0m    \u001b[0m\u001b[0m\u001b[1m\u001b[38;5;12m|\u001b[0m\n\u001b[0m\u001b[1m\u001b[38;5;12m357\u001b[0m\u001b[0m \u001b[0m\u001b[0m\u001b[1m\u001b[38;5;12m|\u001b[0m\u001b[0m \u001b[0m\u001b[0m    fn create_test_context(sender: Address) -> ContractContext {\u001b[0m\n\u001b[0m    \u001b[0m\u001b[0m\u001b[1m\u001b[38;5;12m| \u001b[0m\u001b[0m       \u001b[0m\u001b[0m\u001b[1m\u001b[38;5;12m-------------------\u001b[0m\u001b[0m                     \u001b[0m\u001b[0m\u001b[1m\u001b[38;5;9m^^^^^^^^^^^^^^^\u001b[0m\u001b[0m \u001b[0m\u001b[0m\u001b[1m\u001b[38;5;9mexpected `ContractContext`, found `()`\u001b[0m\n\u001b[0m    \u001b[0m\u001b[0m\u001b[1m\u001b[38;5;12m| \u001b[0m\u001b[0m       \u001b[0m\u001b[0m\u001b[1m\u001b[38;5;12m|\u001b[0m\n\u001b[0m    \u001b[0m\u001b[0m\u001b[1m\u001b[38;5;12m| \u001b[0m\u001b[0m       \u001b[0m\u001b[0m\u001b[1m\u001b[38;5;12mimplicitly returns `()` as its body has no tail or `return` expression\u001b[0m\n\n"}
{"$message_type":"diagnostic","message":"mismatched types","code":{"code":"E0308","explanation":"Expected type did not match the received type.\n\nErroneous code examples:\n\n```compile_fail,E0308\nfn plus_one(x: i32) -> i32 {\n    x + 1\n}\n\nplus_one(\"Not a number\");\n//       ^^^^^^^^^^^^^^ expected `i32`, found `&str`\n\nif \"Not a bool\" {\n// ^^^^^^^^^^^^ expected `bool`, found `&str`\n}\n\nlet x: f32 = \"Not a float\";\n//     ---   ^^^^^^^^^^^^^ expected `f32`, found `&str`\n//     |\n//     expected due to this\n```\n\nThis error occurs when an expression was used in a place where the compiler\nexpected an expression of a different type. It can occur in several cases, the\nmost common being when calling a function and passing an argument which has a\ndifferent type than the matching type in the function declaration.\n"},"level":"error","spans":[{"file_name":"flip-coin/src/lib.rs","byte_start":10387,"byte_end":10397,"line_start":371,"line_end":371,"column_start":27,"column_end":37,"is_primary":true,"text":[{"text":"            Address::from([0x01; 32]),","highlight_start":27,"highlight_end":37}],"label":"expected `Address`, found `[{integer}; 32]`","suggested_replacement":null,"suggestion_applicability":null,"expansion":null},{"file_name":"flip-coin/src/lib.rs","byte_start":10373,"byte_end":10386,"line_start":371,"line_end":371,"column_start":13,"column_end":26,"is_primary":false,"text":[{"text":"            Address::from([0x01; 32]),","highlight_start":13,"highlight_end":26}],"label":"arguments to this function are incorrect","suggested_replacement":null,"suggestion_applicability":null,"expansion":null}],"children":[{"message":"associated function defined here","code":null,"level":"note","spans":[{"file_name":"/home/gt63382/.rustup/toolchains/stable-x86_64-unknown-linux-gnu/lib/rustlib/src/rust/library/core/src/convert/mod.rs","byte_start":22737,"byte_end":22741,"line_start":585,"line_end":585,"column_start":8,"column_end":12,"is_primary":true,"text":[{"text":"    fn from(value: T) -> Self;","highlight_start":8,"highlight_end":12}],"label":null,"suggested_replacement":null,"suggestion_applicability":null,"expansion":null}],"children":[],"rendered":null}],"rendered":"\u001b[0m\u001b[1m\u001b[38;5;9merror[E0308]\u001b[0m\u001b[0m\u001b[1m: mismatched types\u001b[0m\n\u001b[0m   \u001b[0m\u001b[0m\u001b[1m\u001b[38;5;12m--> \u001b[0m\u001b[0mflip-coin/src/lib.rs:371:27\u001b[0m\n\u001b[0m    \u001b[0m\u001b[0m\u001b[1m\u001b[38;5;12m|\u001b[0m\n\u001b[0m\u001b[1m\u001b[38;5;12m371\u001b[0m\u001b[0m \u001b[0m\u001b[0m\u001b[1m\u001b[38;5;12m|\u001b[0m\u001b[0m \u001b[0m\u001b[0m            Address::from([0x01; 32]),\u001b[0m\n\u001b[0m    \u001b[0m\u001b[0m\u001b[1m\u001b[38;5;12m| \u001b[0m\u001b[0m            \u001b[0m\u001b[0m\u001b[1m\u001b[38;5;12m-------------\u001b[0m\u001b[0m \u001b[0m\u001b[0m\u001b[1m\u001b[38;5;9m^^^^^^^^^^\u001b[0m\u001b[0m \u001b[0m\u001b[0m\u001b[1m\u001b[38;5;9mexpected `Address`, found `[{integer}; 32]`\u001b[0m\n\u001b[0m    \u001b[0m\u001b[0m\u001b[1m\u001b[38;5;12m| \u001b[0m\u001b[0m            \u001b[0m\u001b[0m\u001b[1m\u001b[38;5;12m|\u001b[0m\n\u001b[0m    \u001b[0m\u001b[0m\u001b[1m\u001b[38;5;12m| \u001b[0m\u001b[0m            \u001b[0m\u001b[0m\u001b[1m\u001b[38;5;12marguments to this function are incorrect\u001b[0m\n\u001b[0m    \u001b[0m\u001b[0m\u001b[1m\u001b[38;5;12m|\u001b[0m\n\u001b[0m\u001b[1m\u001b[38;5;10mnote\u001b[0m\u001b[0m: associated function defined here\u001b[0m\n\u001b[0m   \u001b[0m\u001b[0m\u001b[1m\u001b[38;5;12m--> \u001b[0m\u001b[0m/home/gt63382/.rustup/toolchains/stable-x86_64-unknown-linux-gnu/lib/rustlib/src/rust/library/core/src/convert/mod.rs:585:8\u001b[0m\n\u001b[0m    \u001b[0m\u001b[0m\u001b[1m\u001b[38;5;12m|\u001b[0m\n\u001b[0m\u001b[1m\u001b[38;5;12m585\u001b[0m\u001b[0m \u001b[0m\u001b[0m\u001b[1m\u001b[38;5;12m|\u001b[0m\u001b[0m \u001b[0m\u001b[0m    fn from(value: T) -> Self;\u001b[0m\n\u001b[0m    \u001b[0m\u001b[0m\u001b[1m\u001b[38;5;12m| \u001b[0m\u001b[0m       \u001b[0m\u001b[0m\u001b[1m\u001b[38;5;10m^^^^\u001b[0m\n\n"}
{"$message_type":"diagnostic","message":"mismatched types","code":{"code":"E0308","explanation":"Expected type did not match the received type.\n\nErroneous code examples:\n\n```compile_fail,E0308\nfn plus_one(x: i32) -> i32 {\n    x + 1\n}\n\nplus_one(\"Not a number\");\n//       ^^^^^^^^^^^^^^ expected `i32`, found `&str`\n\nif \"Not a bool\" {\n// ^^^^^^^^^^^^ expected `bool`, found `&str`\n}\n\nlet x: f32 = \"Not a float\";\n//     ---   ^^^^^^^^^^^^^ expected `f32`, found `&str`\n//     |\n//     expected due to this\n```\n\nThis error occurs when an expression was used in a place where the compiler\nexpected an expression of a different type. It can occur in several cases, the\nmost common being when calling a function and passing an argument which has a\ndifferent type than the matching type in the function declaration.\n"},"level":"error","spans":[{"file_name":"flip-coin/src/lib.rs","byte_start":10426,"byte_end":10436,"line_start":372,"line_end":372,"column_start":27,"column_end":37,"is_primary":true,"text":[{"text":"            Address::from([0x02; 32]),","highlight_start":27,"highlight_end":37}],"label":"expected `Address`, found `[{integer}; 32]`","suggested_replacement":null,"suggestion_applicability":null,"expansion":null},{"file_name":"flip-coin/src/lib.rs","byte_start":10412,"byte_end":10425,"line_start":372,"line_end":372,"column_start":13,"column_end":26,"is_primary":false,"text":[{"text":"            Address::from([0x02; 32]),","highlight_start":13,"highlight_end":26}],"label":"arguments to this function are incorrect","suggested_replacement":null,"suggestion_applicability":null,"expansion":null}],"children":[{"message":"associated function defined here","code":null,"level":"note","spans":[{"file_name":"/home/gt63382/.rustup/toolchains/stable-x86_64-unknown-linux-gnu/lib/rustlib/src/rust/library/core/src/convert/mod.rs","byte_start":22737,"byte_end":22741,"line_start":585,"line_end":585,"column_start":8,"column_end":12,"is_primary":true,"text":[{"text":"    fn from(value: T) -> Self;","highlight_start":8,"highlight_end":12}],"label":null,"suggested_replacement":null,"suggestion_applicability":null,"expansion":null}],"children":[],"rendered":null}],"rendered":"\u001b[0m\u001b[1m\u001b[38;5;9merror[E0308]\u001b[0m\u001b[0m\u001b[1m: mismatched types\u001b[0m\n\u001b[0m   \u001b[0m\u001b[0m\u001b[1m\u001b[38;5;12m--> \u001b[0m\u001b[0mflip-coin/src/lib.rs:372:27\u001b[0m\n\u001b[0m    \u001b[0m\u001b[0m\u001b[1m\u001b[38;5;12m|\u001b[0m\n\u001b[0m\u001b[1m\u001b[38;5;12m372\u001b[0m\u001b[0m \u001b[0m\u001b[0m\u001b[1m\u001b[38;5;12m|\u001b[0m\u001b[0m \u001b[0m\u001b[0m            Address::from([0x02; 32]),\u001b[0m\n\u001b[0m    \u001b[0m\u001b[0m\u001b[1m\u001b[38;5;12m| \u001b[0m\u001b[0m            \u001b[0m\u001b[0m\u001b[1m\u001b[38;5;12m-------------\u001b[0m\u001b[0m \u001b[0m\u001b[0m\u001b[1m\u001b[38;5;9m^^^^^^^^^^\u001b[0m\u001b[0m \u001b[0m\u001b[0m\u001b[1m\u001b[38;5;9mexpected `Address`, found `[{integer}; 32]`\u001b[0m\n\u001b[0m    \u001b[0m\u001b[0m\u001b[1m\u001b[38;5;12m| \u001b[0m\u001b[0m            \u001b[0m\u001b[0m\u001b[1m\u001b[38;5;12m|\u001b[0m\n\u001b[0m    \u001b[0m\u001b[0m\u001b[1m\u001b[38;5;12m| \u001b[0m\u001b[0m            \u001b[0m\u001b[0m\u001b[1m\u001b[38;5;12marguments to this function are incorrect\u001b[0m\n\u001b[0m    \u001b[0m\u001b[0m\u001b[1m\u001b[38;5;12m|\u001b[0m\n\u001b[0m\u001b[1m\u001b[38;5;10mnote\u001b[0m\u001b[0m: associated function defined here\u001b[0m\n\u001b[0m   \u001b[0m\u001b[0m\u001b[1m\u001b[38;5;12m--> \u001b[0m\u001b[0m/home/gt63382/.rustup/toolchains/stable-x86_64-unknown-linux-gnu/lib/rustlib/src/rust/library/core/src/convert/mod.rs:585:8\u001b[0m\n\u001b[0m    \u001b[0m\u001b[0m\u001b[1m\u001b[38;5;12m|\u001b[0m\n\u001b[0m\u001b[1m\u001b[38;5;12m585\u001b[0m\u001b[0m \u001b[0m\u001b[0m\u001b[1m\u001b[38;5;12m|\u001b[0m\u001b[0m \u001b[0m\u001b[0m    fn from(value: T) -> Self;\u001b[0m\n\u001b[0m    \u001b[0m\u001b[0m\u001b[1m\u001b[38;5;12m| \u001b[0m\u001b[0m       \u001b[0m\u001b[0m\u001b[1m\u001b[38;5;10m^^^^\u001b[0m\n\n"}
{"$message_type":"diagnostic","message":"no function or associated item named `new` found for struct `ZkState` in the current scope","code":{"code":"E0599","explanation":"This error occurs when a method is used on a type which doesn't implement it:\n\nErroneous code example:\n\n```compile_fail,E0599\nstruct Mouth;\n\nlet x = Mouth;\nx.chocolate(); // error: no method named `chocolate` found for type `Mouth`\n               //        in the current scope\n```\n\nIn this case, you need to implement the `chocolate` method to fix the error:\n\n```\nstruct Mouth;\n\nimpl Mouth {\n    fn chocolate(&self) { // We implement the `chocolate` method here.\n        println!(\"Hmmm! I love chocolate!\");\n    }\n}\n\nlet x = Mouth;\nx.chocolate(); // ok!\n```\n"},"level":"error","spans":[{"file_name":"flip-coin/src/lib.rs","byte_start":10554,"byte_end":10557,"line_start":375,"line_end":375,"column_start":50,"column_end":53,"is_primary":true,"text":[{"text":"        let zk_state = ZkState::<SecretVarType>::new();","highlight_start":50,"highlight_end":53}],"label":"function or associated item not found in `ZkState<SecretVarType>`","suggested_replacement":null,"suggestion_applicability":null,"expansion":null}],"children":[],"rendered":"\u001b[0m\u001b[1m\u001b[38;5;9merror[E0599]\u001b[0m\u001b[0m\u001b[1m: no function or associated item named `new` found for struct `ZkState` in the current scope\u001b[0m\n\u001b[0m   \u001b[0m\u001b[0m\u001b[1m\u001b[38;5;12m--> \u001b[0m\u001b[0mflip-coin/src/lib.rs:375:50\u001b[0m\n\u001b[0m    \u001b[0m\u001b[0m\u001b[1m\u001b[38;5;12m|\u001b[0m\n\u001b[0m\u001b[1m\u001b[38;5;12m375\u001b[0m\u001b[0m \u001b[0m\u001b[0m\u001b[1m\u001b[38;5;12m|\u001b[0m\u001b[0m \u001b[0m\u001b[0m        let zk_state = ZkState::<SecretVarType>::new();\u001b[0m\n\u001b[0m    \u001b[0m\u001b[0m\u001b[1m\u001b[38;5;12m| \u001b[0m\u001b[0m                                                 \u001b[0m\u001b[0m\u001b[1m\u001b[38;5;9m^^^\u001b[0m\u001b[0m \u001b[0m\u001b[0m\u001b[1m\u001b[38;5;9mfunction or associated item not found in `ZkState<SecretVarType>`\u001b[0m\n\n"}
{"$message_type":"diagnostic","message":"mismatched types","code":{"code":"E0308","explanation":"Expected type did not match the received type.\n\nErroneous code examples:\n\n```compile_fail,E0308\nfn plus_one(x: i32) -> i32 {\n    x + 1\n}\n\nplus_one(\"Not a number\");\n//       ^^^^^^^^^^^^^^ expected `i32`, found `&str`\n\nif \"Not a bool\" {\n// ^^^^^^^^^^^^ expected `bool`, found `&str`\n}\n\nlet x: f32 = \"Not a float\";\n//     ---   ^^^^^^^^^^^^^ expected `f32`, found `&str`\n//     |\n//     expected due to this\n```\n\nThis error occurs when an expression was used in a place where the compiler\nexpected an expression of a different type. It can occur in several cases, the\nmost common being when calling a function and passing an argument which has a\ndifferent type than the matching type in the function declaration.\n"},"level":"error","spans":[{"file_name":"flip-coin/src/lib.rs","byte_start":11024,"byte_end":11034,"line_start":390,"line_end":390,"column_start":27,"column_end":37,"is_primary":true,"text":[{"text":"            Address::from([0x01; 32]),","highlight_start":27,"highlight_end":37}],"label":"expected `Address`, found `[{integer}; 32]`","suggested_replacement":null,"suggestion_applicability":null,"expansion":null},{"file_name":"flip-coin/src/lib.rs","byte_start":11010,"byte_end":11023,"line_start":390,"line_end":390,"column_start":13,"column_end":26,"is_primary":false,"text":[{"text":"            Address::from([0x01; 32]),","highlight_start":13,"highlight_end":26}],"label":"arguments to this function are incorrect","suggested_replacement":null,"suggestion_applicability":null,"expansion":null}],"children":[{"message":"associated function defined here","code":null,"level":"note","spans":[{"file_name":"/home/gt63382/.rustup/toolchains/stable-x86_64-unknown-linux-gnu/lib/rustlib/src/rust/library/core/src/convert/mod.rs","byte_start":22737,"byte_end":22741,"line_start":585,"line_end":585,"column_start":8,"column_end":12,"is_primary":true,"text":[{"text":"    fn from(value: T) -> Self;","highlight_start":8,"highlight_end":12}],"label":null,"suggested_replacement":null,"suggestion_applicability":null,"expansion":null}],"children":[],"rendered":null}],"rendered":"\u001b[0m\u001b[1m\u001b[38;5;9merror[E0308]\u001b[0m\u001b[0m\u001b[1m: mismatched types\u001b[0m\n\u001b[0m   \u001b[0m\u001b[0m\u001b[1m\u001b[38;5;12m--> \u001b[0m\u001b[0mflip-coin/src/lib.rs:390:27\u001b[0m\n\u001b[0m    \u001b[0m\u001b[0m\u001b[1m\u001b[38;5;12m|\u001b[0m\n\u001b[0m\u001b[1m\u001b[38;5;12m390\u001b[0m\u001b[0m \u001b[0m\u001b[0m\u001b[1m\u001b[38;5;12m|\u001b[0m\u001b[0m \u001b[0m\u001b[0m            Address::from([0x01; 32]),\u001b[0m\n\u001b[0m    \u001b[0m\u001b[0m\u001b[1m\u001b[38;5;12m| \u001b[0m\u001b[0m            \u001b[0m\u001b[0m\u001b[1m\u001b[38;5;12m-------------\u001b[0m\u001b[0m \u001b[0m\u001b[0m\u001b[1m\u001b[38;5;9m^^^^^^^^^^\u001b[0m\u001b[0m \u001b[0m\u001b[0m\u001b[1m\u001b[38;5;9mexpected `Address`, found `[{integer}; 32]`\u001b[0m\n\u001b[0m    \u001b[0m\u001b[0m\u001b[1m\u001b[38;5;12m| \u001b[0m\u001b[0m            \u001b[0m\u001b[0m\u001b[1m\u001b[38;5;12m|\u001b[0m\n\u001b[0m    \u001b[0m\u001b[0m\u001b[1m\u001b[38;5;12m| \u001b[0m\u001b[0m            \u001b[0m\u001b[0m\u001b[1m\u001b[38;5;12marguments to this function are incorrect\u001b[0m\n\u001b[0m    \u001b[0m\u001b[0m\u001b[1m\u001b[38;5;12m|\u001b[0m\n\u001b[0m\u001b[1m\u001b[38;5;10mnote\u001b[0m\u001b[0m: associated function defined here\u001b[0m\n\u001b[0m   \u001b[0m\u001b[0m\u001b[1m\u001b[38;5;12m--> \u001b[0m\u001b[0m/home/gt63382/.rustup/toolchains/stable-x86_64-unknown-linux-gnu/lib/rustlib/src/rust/library/core/src/convert/mod.rs:585:8\u001b[0m\n\u001b[0m    \u001b[0m\u001b[0m\u001b[1m\u001b[38;5;12m|\u001b[0m\n\u001b[0m\u001b[1m\u001b[38;5;12m585\u001b[0m\u001b[0m \u001b[0m\u001b[0m\u001b[1m\u001b[38;5;12m|\u001b[0m\u001b[0m \u001b[0m\u001b[0m    fn from(value: T) -> Self;\u001b[0m\n\u001b[0m    \u001b[0m\u001b[0m\u001b[1m\u001b[38;5;12m| \u001b[0m\u001b[0m       \u001b[0m\u001b[0m\u001b[1m\u001b[38;5;10m^^^^\u001b[0m\n\n"}
{"$message_type":"diagnostic","message":"mismatched types","code":{"code":"E0308","explanation":"Expected type did not match the received type.\n\nErroneous code examples:\n\n```compile_fail,E0308\nfn plus_one(x: i32) -> i32 {\n    x + 1\n}\n\nplus_one(\"Not a number\");\n//       ^^^^^^^^^^^^^^ expected `i32`, found `&str`\n\nif \"Not a bool\" {\n// ^^^^^^^^^^^^ expected `bool`, found `&str`\n}\n\nlet x: f32 = \"Not a float\";\n//     ---   ^^^^^^^^^^^^^ expected `f32`, found `&str`\n//     |\n//     expected due to this\n```\n\nThis error occurs when an expression was used in a place where the compiler\nexpected an expression of a different type. It can occur in several cases, the\nmost common being when calling a function and passing an argument which has a\ndifferent type than the matching type in the function declaration.\n"},"level":"error","spans":[{"file_name":"flip-coin/src/lib.rs","byte_start":11063,"byte_end":11073,"line_start":391,"line_end":391,"column_start":27,"column_end":37,"is_primary":true,"text":[{"text":"            Address::from([0x02; 32]),","highlight_start":27,"highlight_end":37}],"label":"expected `Address`, found `[{integer}; 32]`","suggested_replacement":null,"suggestion_applicability":null,"expansion":null},{"file_name":"flip-coin/src/lib.rs","byte_start":11049,"byte_end":11062,"line_start":391,"line_end":391,"column_start":13,"column_end":26,"is_primary":false,"text":[{"text":"            Address::from([0x02; 32]),","highlight_start":13,"highlight_end":26}],"label":"arguments to this function are incorrect","suggested_replacement":null,"suggestion_applicability":null,"expansion":null}],"children":[{"message":"associated function defined here","code":null,"level":"note","spans":[{"file_name":"/home/gt63382/.rustup/toolchains/stable-x86_64-unknown-linux-gnu/lib/rustlib/src/rust/library/core/src/convert/mod.rs","byte_start":22737,"byte_end":22741,"line_start":585,"line_end":585,"column_start":8,"column_end":12,"is_primary":true,"text":[{"text":"    fn from(value: T) -> Self;","highlight_start":8,"highlight_end":12}],"label":null,"suggested_replacement":null,"suggestion_applicability":null,"expansion":null}],"children":[],"rendered":null}],"rendered":"\u001b[0m\u001b[1m\u001b[38;5;9merror[E0308]\u001b[0m\u001b[0m\u001b[1m: mismatched types\u001b[0m\n\u001b[0m   \u001b[0m\u001b[0m\u001b[1m\u001b[38;5;12m--> \u001b[0m\u001b[0mflip-coin/src/lib.rs:391:27\u001b[0m\n\u001b[0m    \u001b[0m\u001b[0m\u001b[1m\u001b[38;5;12m|\u001b[0m\n\u001b[0m\u001b[1m\u001b[38;5;12m391\u001b[0m\u001b[0m \u001b[0m\u001b[0m\u001b[1m\u001b[38;5;12m|\u001b[0m\u001b[0m \u001b[0m\u001b[0m            Address::from([0x02; 32]),\u001b[0m\n\u001b[0m    \u001b[0m\u001b[0m\u001b[1m\u001b[38;5;12m| \u001b[0m\u001b[0m            \u001b[0m\u001b[0m\u001b[1m\u001b[38;5;12m-------------\u001b[0m\u001b[0m \u001b[0m\u001b[0m\u001b[1m\u001b[38;5;9m^^^^^^^^^^\u001b[0m\u001b[0m \u001b[0m\u001b[0m\u001b[1m\u001b[38;5;9mexpected `Address`, found `[{integer}; 32]`\u001b[0m\n\u001b[0m    \u001b[0m\u001b[0m\u001b[1m\u001b[38;5;12m| \u001b[0m\u001b[0m            \u001b[0m\u001b[0m\u001b[1m\u001b[38;5;12m|\u001b[0m\n\u001b[0m    \u001b[0m\u001b[0m\u001b[1m\u001b[38;5;12m| \u001b[0m\u001b[0m            \u001b[0m\u001b[0m\u001b[1m\u001b[38;5;12marguments to this function are incorrect\u001b[0m\n\u001b[0m    \u001b[0m\u001b[0m\u001b[1m\u001b[38;5;12m|\u001b[0m\n\u001b[0m\u001b[1m\u001b[38;5;10mnote\u001b[0m\u001b[0m: associated function defined here\u001b[0m\n\u001b[0m   \u001b[0m\u001b[0m\u001b[1m\u001b[38;5;12m--> \u001b[0m\u001b[0m/home/gt63382/.rustup/toolchains/stable-x86_64-unknown-linux-gnu/lib/rustlib/src/rust/library/core/src/convert/mod.rs:585:8\u001b[0m\n\u001b[0m    \u001b[0m\u001b[0m\u001b[1m\u001b[38;5;12m|\u001b[0m\n\u001b[0m\u001b[1m\u001b[38;5;12m585\u001b[0m\u001b[0m \u001b[0m\u001b[0m\u001b[1m\u001b[38;5;12m|\u001b[0m\u001b[0m \u001b[0m\u001b[0m    fn from(value: T) -> Self;\u001b[0m\n\u001b[0m    \u001b[0m\u001b[0m\u001b[1m\u001b[38;5;12m| \u001b[0m\u001b[0m       \u001b[0m\u001b[0m\u001b[1m\u001b[38;5;10m^^^^\u001b[0m\n\n"}
{"$message_type":"diagnostic","message":"no function or associated item named `new` found for struct `ZkState` in the current scope","code":{"code":"E0599","explanation":"This error occurs when a method is used on a type which doesn't implement it:\n\nErroneous code example:\n\n```compile_fail,E0599\nstruct Mouth;\n\nlet x = Mouth;\nx.chocolate(); // error: no method named `chocolate` found for type `Mouth`\n               //        in the current scope\n```\n\nIn this case, you need to implement the `chocolate` method to fix the error:\n\n```\nstruct Mouth;\n\nimpl Mouth {\n    fn chocolate(&self) { // We implement the `chocolate` method here.\n        println!(\"Hmmm! I love chocolate!\");\n    }\n}\n\nlet x = Mouth;\nx.chocolate(); // ok!\n```\n"},"level":"error","spans":[{"file_name":"flip-coin/src/lib.rs","byte_start":11191,"byte_end":11194,"line_start":394,"line_end":394,"column_start":50,"column_end":53,"is_primary":true,"text":[{"text":"        let zk_state = ZkState::<SecretVarType>::new();","highlight_start":50,"highlight_end":53}],"label":"function or associated item not found in `ZkState<SecretVarType>`","suggested_replacement":null,"suggestion_applicability":null,"expansion":null}],"children":[],"rendered":"\u001b[0m\u001b[1m\u001b[38;5;9merror[E0599]\u001b[0m\u001b[0m\u001b[1m: no function or associated item named `new` found for struct `ZkState` in the current scope\u001b[0m\n\u001b[0m   \u001b[0m\u001b[0m\u001b[1m\u001b[38;5;12m--> \u001b[0m\u001b[0mflip-coin/src/lib.rs:394:50\u001b[0m\n\u001b[0m    \u001b[0m\u001b[0m\u001b[1m\u001b[38;5;12m|\u001b[0m\n\u001b[0m\u001b[1m\u001b[38;5;12m394\u001b[0m\u001b[0m \u001b[0m\u001b[0m\u001b[1m\u001b[38;5;12m|\u001b[0m\u001b[0m \u001b[0m\u001b[0m        let zk_state = ZkState::<SecretVarType>::new();\u001b[0m\n\u001b[0m    \u001b[0m\u001b[0m\u001b[1m\u001b[38;5;12m| \u001b[0m\u001b[0m                                                 \u001b[0m\u001b[0m\u001b[1m\u001b[38;5;9m^^^\u001b[0m\u001b[0m \u001b[0m\u001b[0m\u001b[1m\u001b[38;5;9mfunction or associated item not found in `ZkState<SecretVarType>`\u001b[0m\n\n"}
{"$message_type":"diagnostic","message":"no method named `clone` found for struct `pbc_contract_common::context::ContractContext` in the current scope","code":{"code":"E0599","explanation":"This error occurs when a method is used on a type which doesn't implement it:\n\nErroneous code example:\n\n```compile_fail,E0599\nstruct Mouth;\n\nlet x = Mouth;\nx.chocolate(); // error: no method named `chocolate` found for type `Mouth`\n               //        in the current scope\n```\n\nIn this case, you need to implement the `chocolate` method to fix the error:\n\n```\nstruct Mouth;\n\nimpl Mouth {\n    fn chocolate(&self) { // We implement the `chocolate` method here.\n        println!(\"Hmmm! I love chocolate!\");\n    }\n}\n\nlet x = Mouth;\nx.chocolate(); // ok!\n```\n"},"level":"error","spans":[{"file_name":"flip-coin/src/lib.rs","byte_start":11246,"byte_end":11251,"line_start":395,"line_end":395,"column_start":49,"column_end":54,"is_primary":true,"text":[{"text":"        let (mut state, _) = initialize(context.clone(), zk_state.clone(), players.clone());","highlight_start":49,"highlight_end":54}],"label":"method not found in `ContractContext`","suggested_replacement":null,"suggestion_applicability":null,"expansion":null}],"children":[],"rendered":"\u001b[0m\u001b[1m\u001b[38;5;9merror[E0599]\u001b[0m\u001b[0m\u001b[1m: no method named `clone` found for struct `pbc_contract_common::context::ContractContext` in the current scope\u001b[0m\n\u001b[0m   \u001b[0m\u001b[0m\u001b[1m\u001b[38;5;12m--> \u001b[0m\u001b[0mflip-coin/src/lib.rs:395:49\u001b[0m\n\u001b[0m    \u001b[0m\u001b[0m\u001b[1m\u001b[38;5;12m|\u001b[0m\n\u001b[0m\u001b[1m\u001b[38;5;12m395\u001b[0m\u001b[0m \u001b[0m\u001b[0m\u001b[1m\u001b[38;5;12m|\u001b[0m\u001b[0m \u001b[0m\u001b[0m        let (mut state, _) = initialize(context.clone(), zk_state.clone(), players.clone());\u001b[0m\n\u001b[0m    \u001b[0m\u001b[0m\u001b[1m\u001b[38;5;12m| \u001b[0m\u001b[0m                                                \u001b[0m\u001b[0m\u001b[1m\u001b[38;5;9m^^^^^\u001b[0m\u001b[0m \u001b[0m\u001b[0m\u001b[1m\u001b[38;5;9mmethod not found in `ContractContext`\u001b[0m\n\n"}
{"$message_type":"diagnostic","message":"mismatched types","code":{"code":"E0308","explanation":"Expected type did not match the received type.\n\nErroneous code examples:\n\n```compile_fail,E0308\nfn plus_one(x: i32) -> i32 {\n    x + 1\n}\n\nplus_one(\"Not a number\");\n//       ^^^^^^^^^^^^^^ expected `i32`, found `&str`\n\nif \"Not a bool\" {\n// ^^^^^^^^^^^^ expected `bool`, found `&str`\n}\n\nlet x: f32 = \"Not a float\";\n//     ---   ^^^^^^^^^^^^^ expected `f32`, found `&str`\n//     |\n//     expected due to this\n```\n\nThis error occurs when an expression was used in a place where the compiler\nexpected an expression of a different type. It can occur in several cases, the\nmost common being when calling a function and passing an argument which has a\ndifferent type than the matching type in the function declaration.\n"},"level":"error","spans":[{"file_name":"flip-coin/src/lib.rs","byte_start":11552,"byte_end":11562,"line_start":405,"line_end":405,"column_start":27,"column_end":37,"is_primary":true,"text":[{"text":"            Address::from([0x01; 32]),","highlight_start":27,"highlight_end":37}],"label":"expected `Address`, found `[{integer}; 32]`","suggested_replacement":null,"suggestion_applicability":null,"expansion":null},{"file_name":"flip-coin/src/lib.rs","byte_start":11538,"byte_end":11551,"line_start":405,"line_end":405,"column_start":13,"column_end":26,"is_primary":false,"text":[{"text":"            Address::from([0x01; 32]),","highlight_start":13,"highlight_end":26}],"label":"arguments to this function are incorrect","suggested_replacement":null,"suggestion_applicability":null,"expansion":null}],"children":[{"message":"associated function defined here","code":null,"level":"note","spans":[{"file_name":"/home/gt63382/.rustup/toolchains/stable-x86_64-unknown-linux-gnu/lib/rustlib/src/rust/library/core/src/convert/mod.rs","byte_start":22737,"byte_end":22741,"line_start":585,"line_end":585,"column_start":8,"column_end":12,"is_primary":true,"text":[{"text":"    fn from(value: T) -> Self;","highlight_start":8,"highlight_end":12}],"label":null,"suggested_replacement":null,"suggestion_applicability":null,"expansion":null}],"children":[],"rendered":null}],"rendered":"\u001b[0m\u001b[1m\u001b[38;5;9merror[E0308]\u001b[0m\u001b[0m\u001b[1m: mismatched types\u001b[0m\n\u001b[0m   \u001b[0m\u001b[0m\u001b[1m\u001b[38;5;12m--> \u001b[0m\u001b[0mflip-coin/src/lib.rs:405:27\u001b[0m\n\u001b[0m    \u001b[0m\u001b[0m\u001b[1m\u001b[38;5;12m|\u001b[0m\n\u001b[0m\u001b[1m\u001b[38;5;12m405\u001b[0m\u001b[0m \u001b[0m\u001b[0m\u001b[1m\u001b[38;5;12m|\u001b[0m\u001b[0m \u001b[0m\u001b[0m            Address::from([0x01; 32]),\u001b[0m\n\u001b[0m    \u001b[0m\u001b[0m\u001b[1m\u001b[38;5;12m| \u001b[0m\u001b[0m            \u001b[0m\u001b[0m\u001b[1m\u001b[38;5;12m-------------\u001b[0m\u001b[0m \u001b[0m\u001b[0m\u001b[1m\u001b[38;5;9m^^^^^^^^^^\u001b[0m\u001b[0m \u001b[0m\u001b[0m\u001b[1m\u001b[38;5;9mexpected `Address`, found `[{integer}; 32]`\u001b[0m\n\u001b[0m    \u001b[0m\u001b[0m\u001b[1m\u001b[38;5;12m| \u001b[0m\u001b[0m            \u001b[0m\u001b[0m\u001b[1m\u001b[38;5;12m|\u001b[0m\n\u001b[0m    \u001b[0m\u001b[0m\u001b[1m\u001b[38;5;12m| \u001b[0m\u001b[0m            \u001b[0m\u001b[0m\u001b[1m\u001b[38;5;12marguments to this function are incorrect\u001b[0m\n\u001b[0m    \u001b[0m\u001b[0m\u001b[1m\u001b[38;5;12m|\u001b[0m\n\u001b[0m\u001b[1m\u001b[38;5;10mnote\u001b[0m\u001b[0m: associated function defined here\u001b[0m\n\u001b[0m   \u001b[0m\u001b[0m\u001b[1m\u001b[38;5;12m--> \u001b[0m\u001b[0m/home/gt63382/.rustup/toolchains/stable-x86_64-unknown-linux-gnu/lib/rustlib/src/rust/library/core/src/convert/mod.rs:585:8\u001b[0m\n\u001b[0m    \u001b[0m\u001b[0m\u001b[1m\u001b[38;5;12m|\u001b[0m\n\u001b[0m\u001b[1m\u001b[38;5;12m585\u001b[0m\u001b[0m \u001b[0m\u001b[0m\u001b[1m\u001b[38;5;12m|\u001b[0m\u001b[0m \u001b[0m\u001b[0m    fn from(value: T) -> Self;\u001b[0m\n\u001b[0m    \u001b[0m\u001b[0m\u001b[1m\u001b[38;5;12m| \u001b[0m\u001b[0m       \u001b[0m\u001b[0m\u001b[1m\u001b[38;5;10m^^^^\u001b[0m\n\n"}
{"$message_type":"diagnostic","message":"mismatched types","code":{"code":"E0308","explanation":"Expected type did not match the received type.\n\nErroneous code examples:\n\n```compile_fail,E0308\nfn plus_one(x: i32) -> i32 {\n    x + 1\n}\n\nplus_one(\"Not a number\");\n//       ^^^^^^^^^^^^^^ expected `i32`, found `&str`\n\nif \"Not a bool\" {\n// ^^^^^^^^^^^^ expected `bool`, found `&str`\n}\n\nlet x: f32 = \"Not a float\";\n//     ---   ^^^^^^^^^^^^^ expected `f32`, found `&str`\n//     |\n//     expected due to this\n```\n\nThis error occurs when an expression was used in a place where the compiler\nexpected an expression of a different type. It can occur in several cases, the\nmost common being when calling a function and passing an argument which has a\ndifferent type than the matching type in the function declaration.\n"},"level":"error","spans":[{"file_name":"flip-coin/src/lib.rs","byte_start":11591,"byte_end":11601,"line_start":406,"line_end":406,"column_start":27,"column_end":37,"is_primary":true,"text":[{"text":"            Address::from([0x02; 32]),","highlight_start":27,"highlight_end":37}],"label":"expected `Address`, found `[{integer}; 32]`","suggested_replacement":null,"suggestion_applicability":null,"expansion":null},{"file_name":"flip-coin/src/lib.rs","byte_start":11577,"byte_end":11590,"line_start":406,"line_end":406,"column_start":13,"column_end":26,"is_primary":false,"text":[{"text":"            Address::from([0x02; 32]),","highlight_start":13,"highlight_end":26}],"label":"arguments to this function are incorrect","suggested_replacement":null,"suggestion_applicability":null,"expansion":null}],"children":[{"message":"associated function defined here","code":null,"level":"note","spans":[{"file_name":"/home/gt63382/.rustup/toolchains/stable-x86_64-unknown-linux-gnu/lib/rustlib/src/rust/library/core/src/convert/mod.rs","byte_start":22737,"byte_end":22741,"line_start":585,"line_end":585,"column_start":8,"column_end":12,"is_primary":true,"text":[{"text":"    fn from(value: T) -> Self;","highlight_start":8,"highlight_end":12}],"label":null,"suggested_replacement":null,"suggestion_applicability":null,"expansion":null}],"children":[],"rendered":null}],"rendered":"\u001b[0m\u001b[1m\u001b[38;5;9merror[E0308]\u001b[0m\u001b[0m\u001b[1m: mismatched types\u001b[0m\n\u001b[0m   \u001b[0m\u001b[0m\u001b[1m\u001b[38;5;12m--> \u001b[0m\u001b[0mflip-coin/src/lib.rs:406:27\u001b[0m\n\u001b[0m    \u001b[0m\u001b[0m\u001b[1m\u001b[38;5;12m|\u001b[0m\n\u001b[0m\u001b[1m\u001b[38;5;12m406\u001b[0m\u001b[0m \u001b[0m\u001b[0m\u001b[1m\u001b[38;5;12m|\u001b[0m\u001b[0m \u001b[0m\u001b[0m            Address::from([0x02; 32]),\u001b[0m\n\u001b[0m    \u001b[0m\u001b[0m\u001b[1m\u001b[38;5;12m| \u001b[0m\u001b[0m            \u001b[0m\u001b[0m\u001b[1m\u001b[38;5;12m-------------\u001b[0m\u001b[0m \u001b[0m\u001b[0m\u001b[1m\u001b[38;5;9m^^^^^^^^^^\u001b[0m\u001b[0m \u001b[0m\u001b[0m\u001b[1m\u001b[38;5;9mexpected `Address`, found `[{integer}; 32]`\u001b[0m\n\u001b[0m    \u001b[0m\u001b[0m\u001b[1m\u001b[38;5;12m| \u001b[0m\u001b[0m            \u001b[0m\u001b[0m\u001b[1m\u001b[38;5;12m|\u001b[0m\n\u001b[0m    \u001b[0m\u001b[0m\u001b[1m\u001b[38;5;12m| \u001b[0m\u001b[0m            \u001b[0m\u001b[0m\u001b[1m\u001b[38;5;12marguments to this function are incorrect\u001b[0m\n\u001b[0m    \u001b[0m\u001b[0m\u001b[1m\u001b[38;5;12m|\u001b[0m\n\u001b[0m\u001b[1m\u001b[38;5;10mnote\u001b[0m\u001b[0m: associated function defined here\u001b[0m\n\u001b[0m   \u001b[0m\u001b[0m\u001b[1m\u001b[38;5;12m--> \u001b[0m\u001b[0m/home/gt63382/.rustup/toolchains/stable-x86_64-unknown-linux-gnu/lib/rustlib/src/rust/library/core/src/convert/mod.rs:585:8\u001b[0m\n\u001b[0m    \u001b[0m\u001b[0m\u001b[1m\u001b[38;5;12m|\u001b[0m\n\u001b[0m\u001b[1m\u001b[38;5;12m585\u001b[0m\u001b[0m \u001b[0m\u001b[0m\u001b[1m\u001b[38;5;12m|\u001b[0m\u001b[0m \u001b[0m\u001b[0m    fn from(value: T) -> Self;\u001b[0m\n\u001b[0m    \u001b[0m\u001b[0m\u001b[1m\u001b[38;5;12m| \u001b[0m\u001b[0m       \u001b[0m\u001b[0m\u001b[1m\u001b[38;5;10m^^^^\u001b[0m\n\n"}
{"$message_type":"diagnostic","message":"no function or associated item named `new` found for struct `ZkState` in the current scope","code":{"code":"E0599","explanation":"This error occurs when a method is used on a type which doesn't implement it:\n\nErroneous code example:\n\n```compile_fail,E0599\nstruct Mouth;\n\nlet x = Mouth;\nx.chocolate(); // error: no method named `chocolate` found for type `Mouth`\n               //        in the current scope\n```\n\nIn this case, you need to implement the `chocolate` method to fix the error:\n\n```\nstruct Mouth;\n\nimpl Mouth {\n    fn chocolate(&self) { // We implement the `chocolate` method here.\n        println!(\"Hmmm! I love chocolate!\");\n    }\n}\n\nlet x = Mouth;\nx.chocolate(); // ok!\n```\n"},"level":"error","spans":[{"file_name":"flip-coin/src/lib.rs","byte_start":11719,"byte_end":11722,"line_start":409,"line_end":409,"column_start":50,"column_end":53,"is_primary":true,"text":[{"text":"        let zk_state = ZkState::<SecretVarType>::new();","highlight_start":50,"highlight_end":53}],"label":"function or associated item not found in `ZkState<SecretVarType>`","suggested_replacement":null,"suggestion_applicability":null,"expansion":null}],"children":[],"rendered":"\u001b[0m\u001b[1m\u001b[38;5;9merror[E0599]\u001b[0m\u001b[0m\u001b[1m: no function or associated item named `new` found for struct `ZkState` in the current scope\u001b[0m\n\u001b[0m   \u001b[0m\u001b[0m\u001b[1m\u001b[38;5;12m--> \u001b[0m\u001b[0mflip-coin/src/lib.rs:409:50\u001b[0m\n\u001b[0m    \u001b[0m\u001b[0m\u001b[1m\u001b[38;5;12m|\u001b[0m\n\u001b[0m\u001b[1m\u001b[38;5;12m409\u001b[0m\u001b[0m \u001b[0m\u001b[0m\u001b[1m\u001b[38;5;12m|\u001b[0m\u001b[0m \u001b[0m\u001b[0m        let zk_state = ZkState::<SecretVarType>::new();\u001b[0m\n\u001b[0m    \u001b[0m\u001b[0m\u001b[1m\u001b[38;5;12m| \u001b[0m\u001b[0m                                                 \u001b[0m\u001b[0m\u001b[1m\u001b[38;5;9m^^^\u001b[0m\u001b[0m \u001b[0m\u001b[0m\u001b[1m\u001b[38;5;9mfunction or associated item not found in `ZkState<SecretVarType>`\u001b[0m\n\n"}
{"$message_type":"diagnostic","message":"no method named `clone` found for struct `pbc_contract_common::context::ContractContext` in the current scope","code":{"code":"E0599","explanation":"This error occurs when a method is used on a type which doesn't implement it:\n\nErroneous code example:\n\n```compile_fail,E0599\nstruct Mouth;\n\nlet x = Mouth;\nx.chocolate(); // error: no method named `chocolate` found for type `Mouth`\n               //        in the current scope\n```\n\nIn this case, you need to implement the `chocolate` method to fix the error:\n\n```\nstruct Mouth;\n\nimpl Mouth {\n    fn chocolate(&self) { // We implement the `chocolate` method here.\n        println!(\"Hmmm! I love chocolate!\");\n    }\n}\n\nlet x = Mouth;\nx.chocolate(); // ok!\n```\n"},"level":"error","spans":[{"file_name":"flip-coin/src/lib.rs","byte_start":11774,"byte_end":11779,"line_start":410,"line_end":410,"column_start":49,"column_end":54,"is_primary":true,"text":[{"text":"        let (mut state, _) = initialize(context.clone(), zk_state.clone(), players.clone());","highlight_start":49,"highlight_end":54}],"label":"method not found in `ContractContext`","suggested_replacement":null,"suggestion_applicability":null,"expansion":null}],"children":[],"rendered":"\u001b[0m\u001b[1m\u001b[38;5;9merror[E0599]\u001b[0m\u001b[0m\u001b[1m: no method named `clone` found for struct `pbc_contract_common::context::ContractContext` in the current scope\u001b[0m\n\u001b[0m   \u001b[0m\u001b[0m\u001b[1m\u001b[38;5;12m--> \u001b[0m\u001b[0mflip-coin/src/lib.rs:410:49\u001b[0m\n\u001b[0m    \u001b[0m\u001b[0m\u001b[1m\u001b[38;5;12m|\u001b[0m\n\u001b[0m\u001b[1m\u001b[38;5;12m410\u001b[0m\u001b[0m \u001b[0m\u001b[0m\u001b[1m\u001b[38;5;12m|\u001b[0m\u001b[0m \u001b[0m\u001b[0m        let (mut state, _) = initialize(context.clone(), zk_state.clone(), players.clone());\u001b[0m\n\u001b[0m    \u001b[0m\u001b[0m\u001b[1m\u001b[38;5;12m| \u001b[0m\u001b[0m                                                \u001b[0m\u001b[0m\u001b[1m\u001b[38;5;9m^^^^^\u001b[0m\u001b[0m \u001b[0m\u001b[0m\u001b[1m\u001b[38;5;9mmethod not found in `ContractContext`\u001b[0m\n\n"}
{"$message_type":"diagnostic","message":"no method named `clone` found for struct `pbc_contract_common::context::ContractContext` in the current scope","code":{"code":"E0599","explanation":"This error occurs when a method is used on a type which doesn't implement it:\n\nErroneous code example:\n\n```compile_fail,E0599\nstruct Mouth;\n\nlet x = Mouth;\nx.chocolate(); // error: no method named `chocolate` found for type `Mouth`\n               //        in the current scope\n```\n\nIn this case, you need to implement the `chocolate` method to fix the error:\n\n```\nstruct Mouth;\n\nimpl Mouth {\n    fn chocolate(&self) { // We implement the `chocolate` method here.\n        println!(\"Hmmm! I love chocolate!\");\n    }\n}\n\nlet x = Mouth;\nx.chocolate(); // ok!\n```\n"},"level":"error","spans":[{"file_name":"flip-coin/src/lib.rs","byte_start":11894,"byte_end":11899,"line_start":412,"line_end":412,"column_start":75,"column_end":80,"is_primary":true,"text":[{"text":"        let (new_state, events, zk_state_changes) = start_betting(context.clone(), state, zk_state.clone());","highlight_start":75,"highlight_end":80}],"label":"method not found in `ContractContext`","suggested_replacement":null,"suggestion_applicability":null,"expansion":null}],"children":[],"rendered":"\u001b[0m\u001b[1m\u001b[38;5;9merror[E0599]\u001b[0m\u001b[0m\u001b[1m: no method named `clone` found for struct `pbc_contract_common::context::ContractContext` in the current scope\u001b[0m\n\u001b[0m   \u001b[0m\u001b[0m\u001b[1m\u001b[38;5;12m--> \u001b[0m\u001b[0mflip-coin/src/lib.rs:412:75\u001b[0m\n\u001b[0m    \u001b[0m\u001b[0m\u001b[1m\u001b[38;5;12m|\u001b[0m\n\u001b[0m\u001b[1m\u001b[38;5;12m412\u001b[0m\u001b[0m \u001b[0m\u001b[0m\u001b[1m\u001b[38;5;12m|\u001b[0m\u001b[0m \u001b[0m\u001b[0m\u001b[1m\u001b[38;5;12m...\u001b[0m\u001b[0m= start_betting(context.clone(), state, zk_state.clone());\u001b[0m\n\u001b[0m    \u001b[0m\u001b[0m\u001b[1m\u001b[38;5;12m| \u001b[0m\u001b[0m                           \u001b[0m\u001b[0m\u001b[1m\u001b[38;5;9m^^^^^\u001b[0m\u001b[0m \u001b[0m\u001b[0m\u001b[1m\u001b[38;5;9mmethod not found in `ContractContext`\u001b[0m\n\n"}
{"$message_type":"diagnostic","message":"no method named `clone` found for struct `pbc_contract_common::context::ContractContext` in the current scope","code":{"code":"E0599","explanation":"This error occurs when a method is used on a type which doesn't implement it:\n\nErroneous code example:\n\n```compile_fail,E0599\nstruct Mouth;\n\nlet x = Mouth;\nx.chocolate(); // error: no method named `chocolate` found for type `Mouth`\n               //        in the current scope\n```\n\nIn this case, you need to implement the `chocolate` method to fix the error:\n\n```\nstruct Mouth;\n\nimpl Mouth {\n    fn chocolate(&self) { // We implement the `chocolate` method here.\n        println!(\"Hmmm! I love chocolate!\");\n    }\n}\n\nlet x = Mouth;\nx.chocolate(); // ok!\n```\n"},"level":"error","spans":[{"file_name":"flip-coin/src/lib.rs","byte_start":12018,"byte_end":12023,"line_start":414,"line_end":414,"column_start":60,"column_end":65,"is_primary":true,"text":[{"text":"        let (mut state_with_bet, _, _) = place_bet(context.clone(), new_state, zk_state.clone(), bet_amount);","highlight_start":60,"highlight_end":65}],"label":"method not found in `ContractContext`","suggested_replacement":null,"suggestion_applicability":null,"expansion":null}],"children":[],"rendered":"\u001b[0m\u001b[1m\u001b[38;5;9merror[E0599]\u001b[0m\u001b[0m\u001b[1m: no method named `clone` found for struct `pbc_contract_common::context::ContractContext` in the current scope\u001b[0m\n\u001b[0m   \u001b[0m\u001b[0m\u001b[1m\u001b[38;5;12m--> \u001b[0m\u001b[0mflip-coin/src/lib.rs:414:60\u001b[0m\n\u001b[0m    \u001b[0m\u001b[0m\u001b[1m\u001b[38;5;12m|\u001b[0m\n\u001b[0m\u001b[1m\u001b[38;5;12m414\u001b[0m\u001b[0m \u001b[0m\u001b[0m\u001b[1m\u001b[38;5;12m|\u001b[0m\u001b[0m \u001b[0m\u001b[0m\u001b[1m\u001b[38;5;12m...\u001b[0m\u001b[0m _) = place_bet(context.clone(), new_state, zk_state.clone(), bet_amount);\u001b[0m\n\u001b[0m    \u001b[0m\u001b[0m\u001b[1m\u001b[38;5;12m| \u001b[0m\u001b[0m                           \u001b[0m\u001b[0m\u001b[1m\u001b[38;5;9m^^^^^\u001b[0m\u001b[0m \u001b[0m\u001b[0m\u001b[1m\u001b[38;5;9mmethod not found in `ContractContext`\u001b[0m\n\n"}
{"$message_type":"diagnostic","message":"no method named `clone` found for struct `pbc_contract_common::context::ContractContext` in the current scope","code":{"code":"E0599","explanation":"This error occurs when a method is used on a type which doesn't implement it:\n\nErroneous code example:\n\n```compile_fail,E0599\nstruct Mouth;\n\nlet x = Mouth;\nx.chocolate(); // error: no method named `chocolate` found for type `Mouth`\n               //        in the current scope\n```\n\nIn this case, you need to implement the `chocolate` method to fix the error:\n\n```\nstruct Mouth;\n\nimpl Mouth {\n    fn chocolate(&self) { // We implement the `chocolate` method here.\n        println!(\"Hmmm! I love chocolate!\");\n    }\n}\n\nlet x = Mouth;\nx.chocolate(); // ok!\n```\n"},"level":"error","spans":[{"file_name":"flip-coin/src/lib.rs","byte_start":12302,"byte_end":12307,"line_start":420,"line_end":420,"column_start":61,"column_end":66,"is_primary":true,"text":[{"text":"        let (final_state, _, _) = place_bet(context_player2.clone(), state_with_bet, zk_state.clone(), bet_amount_player2);","highlight_start":61,"highlight_end":66}],"label":"method not found in `ContractContext`","suggested_replacement":null,"suggestion_applicability":null,"expansion":null}],"children":[],"rendered":"\u001b[0m\u001b[1m\u001b[38;5;9merror[E0599]\u001b[0m\u001b[0m\u001b[1m: no method named `clone` found for struct `pbc_contract_common::context::ContractContext` in the current scope\u001b[0m\n\u001b[0m   \u001b[0m\u001b[0m\u001b[1m\u001b[38;5;12m--> \u001b[0m\u001b[0mflip-coin/src/lib.rs:420:61\u001b[0m\n\u001b[0m    \u001b[0m\u001b[0m\u001b[1m\u001b[38;5;12m|\u001b[0m\n\u001b[0m\u001b[1m\u001b[38;5;12m420\u001b[0m\u001b[0m \u001b[0m\u001b[0m\u001b[1m\u001b[38;5;12m|\u001b[0m\u001b[0m \u001b[0m\u001b[0m\u001b[1m\u001b[38;5;12m...\u001b[0m\u001b[0mace_bet(context_player2.clone(), state_with_bet, zk_state.clone(), bet_amount_player2);\u001b[0m\n\u001b[0m    \u001b[0m\u001b[0m\u001b[1m\u001b[38;5;12m| \u001b[0m\u001b[0m                           \u001b[0m\u001b[0m\u001b[1m\u001b[38;5;9m^^^^^\u001b[0m\u001b[0m \u001b[0m\u001b[0m\u001b[1m\u001b[38;5;9mmethod not found in `ContractContext`\u001b[0m\n\n"}
{"$message_type":"diagnostic","message":"mismatched types","code":{"code":"E0308","explanation":"Expected type did not match the received type.\n\nErroneous code examples:\n\n```compile_fail,E0308\nfn plus_one(x: i32) -> i32 {\n    x + 1\n}\n\nplus_one(\"Not a number\");\n//       ^^^^^^^^^^^^^^ expected `i32`, found `&str`\n\nif \"Not a bool\" {\n// ^^^^^^^^^^^^ expected `bool`, found `&str`\n}\n\nlet x: f32 = \"Not a float\";\n//     ---   ^^^^^^^^^^^^^ expected `f32`, found `&str`\n//     |\n//     expected due to this\n```\n\nThis error occurs when an expression was used in a place where the compiler\nexpected an expression of a different type. It can occur in several cases, the\nmost common being when calling a function and passing an argument which has a\ndifferent type than the matching type in the function declaration.\n"},"level":"error","spans":[{"file_name":"flip-coin/src/lib.rs","byte_start":12621,"byte_end":12631,"line_start":429,"line_end":429,"column_start":27,"column_end":37,"is_primary":true,"text":[{"text":"            Address::from([0x01; 32]),","highlight_start":27,"highlight_end":37}],"label":"expected `Address`, found `[{integer}; 32]`","suggested_replacement":null,"suggestion_applicability":null,"expansion":null},{"file_name":"flip-coin/src/lib.rs","byte_start":12607,"byte_end":12620,"line_start":429,"line_end":429,"column_start":13,"column_end":26,"is_primary":false,"text":[{"text":"            Address::from([0x01; 32]),","highlight_start":13,"highlight_end":26}],"label":"arguments to this function are incorrect","suggested_replacement":null,"suggestion_applicability":null,"expansion":null}],"children":[{"message":"associated function defined here","code":null,"level":"note","spans":[{"file_name":"/home/gt63382/.rustup/toolchains/stable-x86_64-unknown-linux-gnu/lib/rustlib/src/rust/library/core/src/convert/mod.rs","byte_start":22737,"byte_end":22741,"line_start":585,"line_end":585,"column_start":8,"column_end":12,"is_primary":true,"text":[{"text":"    fn from(value: T) -> Self;","highlight_start":8,"highlight_end":12}],"label":null,"suggested_replacement":null,"suggestion_applicability":null,"expansion":null}],"children":[],"rendered":null}],"rendered":"\u001b[0m\u001b[1m\u001b[38;5;9merror[E0308]\u001b[0m\u001b[0m\u001b[1m: mismatched types\u001b[0m\n\u001b[0m   \u001b[0m\u001b[0m\u001b[1m\u001b[38;5;12m--> \u001b[0m\u001b[0mflip-coin/src/lib.rs:429:27\u001b[0m\n\u001b[0m    \u001b[0m\u001b[0m\u001b[1m\u001b[38;5;12m|\u001b[0m\n\u001b[0m\u001b[1m\u001b[38;5;12m429\u001b[0m\u001b[0m \u001b[0m\u001b[0m\u001b[1m\u001b[38;5;12m|\u001b[0m\u001b[0m \u001b[0m\u001b[0m            Address::from([0x01; 32]),\u001b[0m\n\u001b[0m    \u001b[0m\u001b[0m\u001b[1m\u001b[38;5;12m| \u001b[0m\u001b[0m            \u001b[0m\u001b[0m\u001b[1m\u001b[38;5;12m-------------\u001b[0m\u001b[0m \u001b[0m\u001b[0m\u001b[1m\u001b[38;5;9m^^^^^^^^^^\u001b[0m\u001b[0m \u001b[0m\u001b[0m\u001b[1m\u001b[38;5;9mexpected `Address`, found `[{integer}; 32]`\u001b[0m\n\u001b[0m    \u001b[0m\u001b[0m\u001b[1m\u001b[38;5;12m| \u001b[0m\u001b[0m            \u001b[0m\u001b[0m\u001b[1m\u001b[38;5;12m|\u001b[0m\n\u001b[0m    \u001b[0m\u001b[0m\u001b[1m\u001b[38;5;12m| \u001b[0m\u001b[0m            \u001b[0m\u001b[0m\u001b[1m\u001b[38;5;12marguments to this function are incorrect\u001b[0m\n\u001b[0m    \u001b[0m\u001b[0m\u001b[1m\u001b[38;5;12m|\u001b[0m\n\u001b[0m\u001b[1m\u001b[38;5;10mnote\u001b[0m\u001b[0m: associated function defined here\u001b[0m\n\u001b[0m   \u001b[0m\u001b[0m\u001b[1m\u001b[38;5;12m--> \u001b[0m\u001b[0m/home/gt63382/.rustup/toolchains/stable-x86_64-unknown-linux-gnu/lib/rustlib/src/rust/library/core/src/convert/mod.rs:585:8\u001b[0m\n\u001b[0m    \u001b[0m\u001b[0m\u001b[1m\u001b[38;5;12m|\u001b[0m\n\u001b[0m\u001b[1m\u001b[38;5;12m585\u001b[0m\u001b[0m \u001b[0m\u001b[0m\u001b[1m\u001b[38;5;12m|\u001b[0m\u001b[0m \u001b[0m\u001b[0m    fn from(value: T) -> Self;\u001b[0m\n\u001b[0m    \u001b[0m\u001b[0m\u001b[1m\u001b[38;5;12m| \u001b[0m\u001b[0m       \u001b[0m\u001b[0m\u001b[1m\u001b[38;5;10m^^^^\u001b[0m\n\n"}
{"$message_type":"diagnostic","message":"mismatched types","code":{"code":"E0308","explanation":"Expected type did not match the received type.\n\nErroneous code examples:\n\n```compile_fail,E0308\nfn plus_one(x: i32) -> i32 {\n    x + 1\n}\n\nplus_one(\"Not a number\");\n//       ^^^^^^^^^^^^^^ expected `i32`, found `&str`\n\nif \"Not a bool\" {\n// ^^^^^^^^^^^^ expected `bool`, found `&str`\n}\n\nlet x: f32 = \"Not a float\";\n//     ---   ^^^^^^^^^^^^^ expected `f32`, found `&str`\n//     |\n//     expected due to this\n```\n\nThis error occurs when an expression was used in a place where the compiler\nexpected an expression of a different type. It can occur in several cases, the\nmost common being when calling a function and passing an argument which has a\ndifferent type than the matching type in the function declaration.\n"},"level":"error","spans":[{"file_name":"flip-coin/src/lib.rs","byte_start":12660,"byte_end":12670,"line_start":430,"line_end":430,"column_start":27,"column_end":37,"is_primary":true,"text":[{"text":"            Address::from([0x02; 32]),","highlight_start":27,"highlight_end":37}],"label":"expected `Address`, found `[{integer}; 32]`","suggested_replacement":null,"suggestion_applicability":null,"expansion":null},{"file_name":"flip-coin/src/lib.rs","byte_start":12646,"byte_end":12659,"line_start":430,"line_end":430,"column_start":13,"column_end":26,"is_primary":false,"text":[{"text":"            Address::from([0x02; 32]),","highlight_start":13,"highlight_end":26}],"label":"arguments to this function are incorrect","suggested_replacement":null,"suggestion_applicability":null,"expansion":null}],"children":[{"message":"associated function defined here","code":null,"level":"note","spans":[{"file_name":"/home/gt63382/.rustup/toolchains/stable-x86_64-unknown-linux-gnu/lib/rustlib/src/rust/library/core/src/convert/mod.rs","byte_start":22737,"byte_end":22741,"line_start":585,"line_end":585,"column_start":8,"column_end":12,"is_primary":true,"text":[{"text":"    fn from(value: T) -> Self;","highlight_start":8,"highlight_end":12}],"label":null,"suggested_replacement":null,"suggestion_applicability":null,"expansion":null}],"children":[],"rendered":null}],"rendered":"\u001b[0m\u001b[1m\u001b[38;5;9merror[E0308]\u001b[0m\u001b[0m\u001b[1m: mismatched types\u001b[0m\n\u001b[0m   \u001b[0m\u001b[0m\u001b[1m\u001b[38;5;12m--> \u001b[0m\u001b[0mflip-coin/src/lib.rs:430:27\u001b[0m\n\u001b[0m    \u001b[0m\u001b[0m\u001b[1m\u001b[38;5;12m|\u001b[0m\n\u001b[0m\u001b[1m\u001b[38;5;12m430\u001b[0m\u001b[0m \u001b[0m\u001b[0m\u001b[1m\u001b[38;5;12m|\u001b[0m\u001b[0m \u001b[0m\u001b[0m            Address::from([0x02; 32]),\u001b[0m\n\u001b[0m    \u001b[0m\u001b[0m\u001b[1m\u001b[38;5;12m| \u001b[0m\u001b[0m            \u001b[0m\u001b[0m\u001b[1m\u001b[38;5;12m-------------\u001b[0m\u001b[0m \u001b[0m\u001b[0m\u001b[1m\u001b[38;5;9m^^^^^^^^^^\u001b[0m\u001b[0m \u001b[0m\u001b[0m\u001b[1m\u001b[38;5;9mexpected `Address`, found `[{integer}; 32]`\u001b[0m\n\u001b[0m    \u001b[0m\u001b[0m\u001b[1m\u001b[38;5;12m| \u001b[0m\u001b[0m            \u001b[0m\u001b[0m\u001b[1m\u001b[38;5;12m|\u001b[0m\n\u001b[0m    \u001b[0m\u001b[0m\u001b[1m\u001b[38;5;12m| \u001b[0m\u001b[0m            \u001b[0m\u001b[0m\u001b[1m\u001b[38;5;12marguments to this function are incorrect\u001b[0m\n\u001b[0m    \u001b[0m\u001b[0m\u001b[1m\u001b[38;5;12m|\u001b[0m\n\u001b[0m\u001b[1m\u001b[38;5;10mnote\u001b[0m\u001b[0m: associated function defined here\u001b[0m\n\u001b[0m   \u001b[0m\u001b[0m\u001b[1m\u001b[38;5;12m--> \u001b[0m\u001b[0m/home/gt63382/.rustup/toolchains/stable-x86_64-unknown-linux-gnu/lib/rustlib/src/rust/library/core/src/convert/mod.rs:585:8\u001b[0m\n\u001b[0m    \u001b[0m\u001b[0m\u001b[1m\u001b[38;5;12m|\u001b[0m\n\u001b[0m\u001b[1m\u001b[38;5;12m585\u001b[0m\u001b[0m \u001b[0m\u001b[0m\u001b[1m\u001b[38;5;12m|\u001b[0m\u001b[0m \u001b[0m\u001b[0m    fn from(value: T) -> Self;\u001b[0m\n\u001b[0m    \u001b[0m\u001b[0m\u001b[1m\u001b[38;5;12m| \u001b[0m\u001b[0m       \u001b[0m\u001b[0m\u001b[1m\u001b[38;5;10m^^^^\u001b[0m\n\n"}
{"$message_type":"diagnostic","message":"no function or associated item named `new` found for struct `ZkState` in the current scope","code":{"code":"E0599","explanation":"This error occurs when a method is used on a type which doesn't implement it:\n\nErroneous code example:\n\n```compile_fail,E0599\nstruct Mouth;\n\nlet x = Mouth;\nx.chocolate(); // error: no method named `chocolate` found for type `Mouth`\n               //        in the current scope\n```\n\nIn this case, you need to implement the `chocolate` method to fix the error:\n\n```\nstruct Mouth;\n\nimpl Mouth {\n    fn chocolate(&self) { // We implement the `chocolate` method here.\n        println!(\"Hmmm! I love chocolate!\");\n    }\n}\n\nlet x = Mouth;\nx.chocolate(); // ok!\n```\n"},"level":"error","spans":[{"file_name":"flip-coin/src/lib.rs","byte_start":12788,"byte_end":12791,"line_start":433,"line_end":433,"column_start":50,"column_end":53,"is_primary":true,"text":[{"text":"        let zk_state = ZkState::<SecretVarType>::new();","highlight_start":50,"highlight_end":53}],"label":"function or associated item not found in `ZkState<SecretVarType>`","suggested_replacement":null,"suggestion_applicability":null,"expansion":null}],"children":[],"rendered":"\u001b[0m\u001b[1m\u001b[38;5;9merror[E0599]\u001b[0m\u001b[0m\u001b[1m: no function or associated item named `new` found for struct `ZkState` in the current scope\u001b[0m\n\u001b[0m   \u001b[0m\u001b[0m\u001b[1m\u001b[38;5;12m--> \u001b[0m\u001b[0mflip-coin/src/lib.rs:433:50\u001b[0m\n\u001b[0m    \u001b[0m\u001b[0m\u001b[1m\u001b[38;5;12m|\u001b[0m\n\u001b[0m\u001b[1m\u001b[38;5;12m433\u001b[0m\u001b[0m \u001b[0m\u001b[0m\u001b[1m\u001b[38;5;12m|\u001b[0m\u001b[0m \u001b[0m\u001b[0m        let zk_state = ZkState::<SecretVarType>::new();\u001b[0m\n\u001b[0m    \u001b[0m\u001b[0m\u001b[1m\u001b[38;5;12m| \u001b[0m\u001b[0m                                                 \u001b[0m\u001b[0m\u001b[1m\u001b[38;5;9m^^^\u001b[0m\u001b[0m \u001b[0m\u001b[0m\u001b[1m\u001b[38;5;9mfunction or associated item not found in `ZkState<SecretVarType>`\u001b[0m\n\n"}
{"$message_type":"diagnostic","message":"no method named `clone` found for struct `pbc_contract_common::context::ContractContext` in the current scope","code":{"code":"E0599","explanation":"This error occurs when a method is used on a type which doesn't implement it:\n\nErroneous code example:\n\n```compile_fail,E0599\nstruct Mouth;\n\nlet x = Mouth;\nx.chocolate(); // error: no method named `chocolate` found for type `Mouth`\n               //        in the current scope\n```\n\nIn this case, you need to implement the `chocolate` method to fix the error:\n\n```\nstruct Mouth;\n\nimpl Mouth {\n    fn chocolate(&self) { // We implement the `chocolate` method here.\n        println!(\"Hmmm! I love chocolate!\");\n    }\n}\n\nlet x = Mouth;\nx.chocolate(); // ok!\n```\n"},"level":"error","spans":[{"file_name":"flip-coin/src/lib.rs","byte_start":12843,"byte_end":12848,"line_start":434,"line_end":434,"column_start":49,"column_end":54,"is_primary":true,"text":[{"text":"        let (mut state, _) = initialize(context.clone(), zk_state.clone(), players.clone());","highlight_start":49,"highlight_end":54}],"label":"method not found in `ContractContext`","suggested_replacement":null,"suggestion_applicability":null,"expansion":null}],"children":[],"rendered":"\u001b[0m\u001b[1m\u001b[38;5;9merror[E0599]\u001b[0m\u001b[0m\u001b[1m: no method named `clone` found for struct `pbc_contract_common::context::ContractContext` in the current scope\u001b[0m\n\u001b[0m   \u001b[0m\u001b[0m\u001b[1m\u001b[38;5;12m--> \u001b[0m\u001b[0mflip-coin/src/lib.rs:434:49\u001b[0m\n\u001b[0m    \u001b[0m\u001b[0m\u001b[1m\u001b[38;5;12m|\u001b[0m\n\u001b[0m\u001b[1m\u001b[38;5;12m434\u001b[0m\u001b[0m \u001b[0m\u001b[0m\u001b[1m\u001b[38;5;12m|\u001b[0m\u001b[0m \u001b[0m\u001b[0m        let (mut state, _) = initialize(context.clone(), zk_state.clone(), players.clone());\u001b[0m\n\u001b[0m    \u001b[0m\u001b[0m\u001b[1m\u001b[38;5;12m| \u001b[0m\u001b[0m                                                \u001b[0m\u001b[0m\u001b[1m\u001b[38;5;9m^^^^^\u001b[0m\u001b[0m \u001b[0m\u001b[0m\u001b[1m\u001b[38;5;9mmethod not found in `ContractContext`\u001b[0m\n\n"}
{"$message_type":"diagnostic","message":"trait objects must include the `dyn` keyword","code":{"code":"E0782","explanation":"Trait objects must include the `dyn` keyword.\n\nErroneous code example:\n\n```edition2021,compile_fail,E0782\ntrait Foo {}\nfn test(arg: Box<Foo>) {} // error!\n```\n\nTrait objects are a way to call methods on types that are not known until\nruntime but conform to some trait.\n\nTrait objects should be formed with `Box<dyn Foo>`, but in the code above\n`dyn` is left off.\n\nThis makes it harder to see that `arg` is a trait object and not a\nsimply a heap allocated type called `Foo`.\n\nTo fix this issue, add `dyn` before the trait name.\n\n```edition2021\ntrait Foo {}\nfn test(arg: Box<dyn Foo>) {} // ok!\n```\n\nThis used to be allowed before edition 2021, but is now an error.\n"},"level":"error","spans":[{"file_name":"flip-coin/src/lib.rs","byte_start":10249,"byte_end":10253,"line_start":363,"line_end":363,"column_start":38,"column_end":42,"is_primary":true,"text":[{"text":"            pub current_transaction: Hash,","highlight_start":38,"highlight_end":42}],"label":null,"suggested_replacement":null,"suggestion_applicability":null,"expansion":null}],"children":[{"message":"add `dyn` keyword before this trait","code":null,"level":"help","spans":[{"file_name":"flip-coin/src/lib.rs","byte_start":10249,"byte_end":10249,"line_start":363,"line_end":363,"column_start":38,"column_end":38,"is_primary":true,"text":[{"text":"            pub current_transaction: Hash,","highlight_start":38,"highlight_end":38}],"label":null,"suggested_replacement":"dyn ","suggestion_applicability":"MachineApplicable","expansion":null}],"children":[],"rendered":null}],"rendered":"\u001b[0m\u001b[1m\u001b[38;5;9merror[E0782]\u001b[0m\u001b[0m\u001b[1m: trait objects must include the `dyn` keyword\u001b[0m\n\u001b[0m   \u001b[0m\u001b[0m\u001b[1m\u001b[38;5;12m--> \u001b[0m\u001b[0mflip-coin/src/lib.rs:363:38\u001b[0m\n\u001b[0m    \u001b[0m\u001b[0m\u001b[1m\u001b[38;5;12m|\u001b[0m\n\u001b[0m\u001b[1m\u001b[38;5;12m363\u001b[0m\u001b[0m \u001b[0m\u001b[0m\u001b[1m\u001b[38;5;12m|\u001b[0m\u001b[0m \u001b[0m\u001b[0m            pub current_transaction: Hash,\u001b[0m\n\u001b[0m    \u001b[0m\u001b[0m\u001b[1m\u001b[38;5;12m| \u001b[0m\u001b[0m                                     \u001b[0m\u001b[0m\u001b[1m\u001b[38;5;9m^^^^\u001b[0m\n\u001b[0m    \u001b[0m\u001b[0m\u001b[1m\u001b[38;5;12m|\u001b[0m\n\u001b[0m\u001b[1m\u001b[38;5;14mhelp\u001b[0m\u001b[0m: add `dyn` keyword before this trait\u001b[0m\n\u001b[0m    \u001b[0m\u001b[0m\u001b[1m\u001b[38;5;12m|\u001b[0m\n\u001b[0m\u001b[1m\u001b[38;5;12m363\u001b[0m\u001b[0m \u001b[0m\u001b[0m\u001b[1m\u001b[38;5;12m| \u001b[0m\u001b[0m            pub current_transaction: \u001b[0m\u001b[0m\u001b[38;5;10mdyn \u001b[0m\u001b[0mHash,\u001b[0m\n\u001b[0m    \u001b[0m\u001b[0m\u001b[1m\u001b[38;5;12m|\u001b[0m\u001b[0m                                      \u001b[0m\u001b[0m\u001b[38;5;10m+++\u001b[0m\n\n"}
{"$message_type":"diagnostic","message":"aborting due to 21 previous errors","code":null,"level":"error","spans":[],"children":[],"rendered":"\u001b[0m\u001b[1m\u001b[38;5;9merror\u001b[0m\u001b[0m\u001b[1m: aborting due to 21 previous errors\u001b[0m\n\n"}
{"$message_type":"diagnostic","message":"Some errors have detailed explanations: E0038, E0308, E0599, E0782.","code":null,"level":"failure-note","spans":[],"children":[],"rendered":"\u001b[0m\u001b[1mSome errors have detailed explanations: E0038, E0308, E0599, E0782.\u001b[0m\n"}
{"$message_type":"diagnostic","message":"For more information about an error, try `rustc --explain E0038`.","code":null,"level":"failure-note","spans":[],"children":[],"rendered":"\u001b[0m\u001b[1mFor more information about an error, try `rustc --explain E0038`.\u001b[0m\n"}
